<?xml version="1.0" encoding="UTF-8"?>
<testsuite name="Login" tests="7" skipped="0" failures="0" errors="0" timestamp="2023-07-24T16:15:33" hostname="DESKTOP-Q6AEDAC" time="20.209">
  <properties/>
  <testcase name="LoginPositive" classname="Login" time="3.665"/>
  <testcase name="LoginPositiveProperties" classname="Login" time="3.535"/>
  <testcase name="LoginPositiveUser" classname="Login" time="3.531"/>
  <testcase name="LoginPositiveUserDTO[0](models.User@7a93b263)" classname="Login" time="0.869"/>
  <testcase name="LoginPositiveUserDTO[1](models.User@38320e34)" classname="Login" time="0.841"/>
  <testcase name="LoginPositiveUserDTO[2](models.User@5c73f672)" classname="Login" time="0.82"/>
  <testcase name="LoginPositiveUserData" classname="Login" time="3.513"/>
  <system-out><![CDATA[]]></system-out>
  <system-err><![CDATA[console.warn: LoginRecipes: "Falling back to a synchronous message for: https://ilcarro.web.app."
console.warn: LoginRecipes: "Falling back to a synchronous message for: https://ilcarro.web.app."
]]></system-err>
</testsuite>
